<?xml version="1.0" encoding="UTF-8"?>
<!-- Generated by org.testng.reporters.JUnitReportReporter -->
<testsuite hostname="NDULAM" name="testng.JavaScriptExecutor" tests="1" failures="0" timestamp="10 Mar 2018 20:10:40 GMT" time="4.985" errors="0">
  <testcase name="javaScriptExecutor" time="4.985" classname="testng.JavaScriptExecutor"/>
</testsuite> <!-- testng.JavaScriptExecutor -->
