<?xml version="1.0" encoding="UTF-8"?>
<!-- Generated by org.testng.reporters.JUnitReportReporter -->
<testsuite hostname="NDULAM" name="testng.ParallelExecutionClasses" tests="2" failures="0" timestamp="8 Mar 2018 21:32:14 GMT" time="59.717" errors="0">
  <testcase name="test1" time="40.944" classname="testng.ParallelExecutionClasses"/>
  <testcase name="test2" time="18.773" classname="testng.ParallelExecutionClasses"/>
</testsuite> <!-- testng.ParallelExecutionClasses -->
