<?xml version="1.0" encoding="UTF-8"?>
<!-- Generated by org.testng.reporters.JUnitReportReporter -->
<testsuite hostname="NDULAM" name="failedtestcaseRerun.TestCase1" tests="1" failures="0" timestamp="7 Mar 2018 00:05:47 GMT" time="0.083" errors="0">
  <testcase name="test1" time="0.083" classname="failedtestcaseRerun.TestCase1"/>
</testsuite> <!-- failedtestcaseRerun.TestCase1 -->
