<?xml version="1.0" encoding="UTF-8"?>
<!-- Generated by org.testng.reporters.JUnitReportReporter -->
<testsuite hostname="NDULAM" name="testng.BeforeMethods" tests="3" failures="0" timestamp="1 Mar 2018 02:43:49 GMT" time="7.667" errors="0">
  <testcase name="startApp" time="3.506" classname="testng.BeforeMethods"/>
  <testcase name="logoutApp" time="1.848" classname="testng.BeforeMethods"/>
  <testcase name="loginApp" time="2.313" classname="testng.BeforeMethods"/>
</testsuite> <!-- testng.BeforeMethods -->
