<?xml version="1.0" encoding="UTF-8"?>
<!-- Generated by org.testng.reporters.JUnitReportReporter -->
<testsuite hostname="NDULAM" name="testng.BeforeClassAfterClass" tests="2" failures="0" timestamp="8 Mar 2018 19:37:41 GMT" time="0.021" errors="0">
  <testcase name="test2" time="0.004" classname="testng.BeforeClassAfterClass"/>
  <testcase name="test1" time="0.017" classname="testng.BeforeClassAfterClass"/>
</testsuite> <!-- testng.BeforeClassAfterClass -->
