<?xml version="1.0" encoding="UTF-8"?>
<!-- Generated by org.testng.reporters.JUnitReportReporter -->
<testsuite hostname="NDULAM" name="testng.ParallelExecution_Methods" tests="2" failures="0" timestamp="8 Mar 2018 21:05:10 GMT" time="19.793" errors="0">
  <testcase name="test1" time="4.278" classname="testng.ParallelExecution_Methods"/>
  <testcase name="test2" time="15.515" classname="testng.ParallelExecution_Methods"/>
</testsuite> <!-- testng.ParallelExecution_Methods -->
