<?xml version="1.0" encoding="UTF-8"?>
<!-- Generated by org.testng.reporters.JUnitReportReporter -->
<testsuite hostname="NDULAM" name="testng.TestNGFirstScript" tests="3" failures="0" timestamp="1 Mar 2018 01:13:57 GMT" time="0.036" errors="0">
  <testcase name="checkout" time="0.005" classname="testng.TestNGFirstScript"/>
  <testcase name="loginApplicatoin" time="0.026" classname="testng.TestNGFirstScript"/>
  <testcase name="selectItems" time="0.005" classname="testng.TestNGFirstScript"/>
</testsuite> <!-- testng.TestNGFirstScript -->
