<?xml version="1.0" encoding="UTF-8"?>
<!-- Generated by org.testng.reporters.JUnitReportReporter -->
<testsuite hostname="NDULAM" name="testng.SeleniumListeners" tests="1" failures="0" timestamp="15 Mar 2018 19:38:51 GMT" time="19.840" errors="0">
  <testcase name="test1" time="19.840" classname="testng.SeleniumListeners"/>
</testsuite> <!-- testng.SeleniumListeners -->
