<?xml version="1.0" encoding="UTF-8"?>
<!-- Generated by org.testng.reporters.JUnitReportReporter -->
<testsuite hostname="NDULAM" name="testng.ZoominZoomout" tests="1" failures="0" timestamp="12 Mar 2018 19:42:53 GMT" time="28.879" errors="0">
  <testcase name="zooming" time="28.879" classname="testng.ZoominZoomout"/>
</testsuite> <!-- testng.ZoominZoomout -->
