<?xml version="1.0" encoding="UTF-8"?>
<!-- Generated by org.testng.reporters.JUnitReportReporter -->
<testsuite hostname="NDULAM" name="testng.CrossBrowserTesting" tests="1" failures="0" timestamp="17 Mar 2018 03:34:43 GMT" time="19.115" errors="0">
  <testcase name="verifyTitle" time="19.115" classname="testng.CrossBrowserTesting"/>
</testsuite> <!-- testng.CrossBrowserTesting -->
