<?xml version="1.0" encoding="UTF-8"?>
<!-- Generated by org.testng.reporters.JUnitReportReporter -->
<testsuite hostname="NDULAM" name="propertiesfile.Login" tests="1" failures="0" timestamp="12 Mar 2018 19:54:28 GMT" time="20.080" errors="0">
  <testcase name="login" time="20.080" classname="propertiesfile.Login"/>
</testsuite> <!-- propertiesfile.Login -->
