<?xml version="1.0" encoding="UTF-8"?>
<!-- Generated by org.testng.reporters.JUnitReportReporter -->
<testsuite hostname="NDULAM" name="testng.PriorityAttribute" tests="2" failures="0" timestamp="8 Mar 2018 02:01:20 GMT" time="12.553" errors="0">
  <testcase name="startApp" time="12.040" classname="testng.PriorityAttribute"/>
  <testcase name="startApp1" time="0.513" classname="testng.PriorityAttribute"/>
</testsuite> <!-- testng.PriorityAttribute -->
