<?xml version="1.0" encoding="UTF-8"?>
<!-- Generated by org.testng.reporters.JUnitReportReporter -->
<testsuite hostname="NDULAM" name="ParallelTest" tests="3" failures="0" timestamp="4 Dec 2017 02:18:28 GMT" time="0.041" errors="0">
  <testcase name="b" time="0.006" classname="ParallelTest"/>
  <testcase name="c" time="0.006" classname="ParallelTest"/>
  <testcase name="a" time="0.029" classname="ParallelTest"/>
</testsuite> <!-- ParallelTest -->
