<?xml version="1.0" encoding="UTF-8"?>
<!-- Generated by org.testng.reporters.JUnitReportReporter -->
<testsuite hostname="NDULAM" name="testng.BeforeAfterTestAnnotation1" tests="2" failures="0" timestamp="8 Mar 2018 19:49:17 GMT" time="0.067" errors="0">
  <testcase name="test1" time="0.034" classname="testng.BeforeAfterTestAnnotation1"/>
  <testcase name="test2" time="0.033" classname="testng.BeforeAfterTestAnnotation1"/>
</testsuite> <!-- testng.BeforeAfterTestAnnotation1 -->
