<?xml version="1.0" encoding="UTF-8"?>
<!-- Generated by org.testng.reporters.JUnitReportReporter -->
<testsuite hostname="NDULAM" name="testng.JavaScriptExecutor1" tests="1" failures="0" timestamp="10 Mar 2018 20:25:54 GMT" time="9.756" errors="0">
  <testcase name="javaScriptExecutor" time="9.756" classname="testng.JavaScriptExecutor1"/>
</testsuite> <!-- testng.JavaScriptExecutor1 -->
