<?xml version="1.0" encoding="UTF-8"?>
<!-- Generated by org.testng.reporters.JUnitReportReporter -->
<testsuite hostname="NDULAM" name="testng.GroupingTestCases" tests="4" failures="0" timestamp="8 Mar 2018 20:20:08 GMT" time="0.035" errors="0">
  <testcase name="logout" time="0.002" classname="testng.GroupingTestCases"/>
  <testcase name="login" time="0.026" classname="testng.GroupingTestCases"/>
  <testcase name="billpayment" time="0.004" classname="testng.GroupingTestCases"/>
  <testcase name="advancedSearch" time="0.003" classname="testng.GroupingTestCases"/>
</testsuite> <!-- testng.GroupingTestCases -->
