<?xml version="1.0" encoding="UTF-8"?>
<!-- Generated by org.testng.reporters.JUnitReportReporter -->
<testsuite hostname="NDULAM" name="testng.DataProvider" tests="2" failures="0" timestamp="6 Mar 2018 19:12:26 GMT" time="29.630" errors="0">
  <testcase name="facebook" time="13.972" classname="testng.DataProvider"/>
  <testcase name="facebook" time="15.658" classname="testng.DataProvider"/>
</testsuite> <!-- testng.DataProvider -->
