<?xml version="1.0" encoding="UTF-8"?>
<!-- Generated by org.testng.reporters.JUnitReportReporter -->
<testsuite hostname="NDULAM" name="testng.BeforeAfterTestAnnotation2" tests="2" failures="0" timestamp="8 Mar 2018 19:49:17 GMT" time="0.037" errors="0">
  <testcase name="test3" time="0.021" classname="testng.BeforeAfterTestAnnotation2"/>
  <testcase name="test4" time="0.016" classname="testng.BeforeAfterTestAnnotation2"/>
</testsuite> <!-- testng.BeforeAfterTestAnnotation2 -->
