<?xml version="1.0" encoding="UTF-8"?>
<!-- Generated by org.testng.reporters.JUnitReportReporter -->
<testsuite hostname="NDULAM" name="BeforeMethodAfterMethod" tests="2" failures="0" timestamp="4 Dec 2017 02:58:46 GMT" time="5.886" errors="0">
  <testcase name="clickSupport" time="4.550" classname="BeforeMethodAfterMethod"/>
  <testcase name="clickRegister" time="1.336" classname="BeforeMethodAfterMethod"/>
</testsuite> <!-- BeforeMethodAfterMethod -->
