<?xml version="1.0" encoding="UTF-8"?>
<!-- Generated by org.testng.reporters.JUnitReportReporter -->
<testsuite hostname="NDULAM" name="FirstTestNGProject" tests="1" failures="0" timestamp="4 Dec 2017 02:43:28 GMT" time="3.492" errors="0">
  <testcase name="verifyHomepageTitle" time="3.492" classname="FirstTestNGProject"/>
</testsuite> <!-- FirstTestNGProject -->
