<?xml version="1.0" encoding="UTF-8"?>
<!-- Generated by org.testng.reporters.JUnitReportReporter -->
<testsuite hostname="NDULAM" name="testng.BeforeMethodAfterMethod" tests="2" failures="0" timestamp="8 Mar 2018 19:36:29 GMT" time="0.039" errors="0">
  <testcase name="test1" time="0.033" classname="testng.BeforeMethodAfterMethod"/>
  <testcase name="test2" time="0.006" classname="testng.BeforeMethodAfterMethod"/>
</testsuite> <!-- testng.BeforeMethodAfterMethod -->
