<?xml version="1.0" encoding="UTF-8"?>
<!-- Generated by org.testng.reporters.JUnitReportReporter -->
<testsuite hostname="NDULAM" name="Priority" tests="3" failures="0" timestamp="4 Dec 2017 02:37:39 GMT" time="0.035" errors="0">
  <testcase name="c" time="0.004" classname="Priority"/>
  <testcase name="a" time="0.004" classname="Priority"/>
  <testcase name="b" time="0.027" classname="Priority"/>
</testsuite> <!-- Priority -->
