<?xml version="1.0" encoding="UTF-8"?>
<!-- Generated by org.testng.reporters.JUnitReportReporter -->
<testsuite hostname="NDULAM" name="failedtestcaseRerun.TestCase3" tests="1" failures="0" timestamp="7 Mar 2018 00:11:50 GMT" time="0.016" errors="0">
  <testcase name="test3" time="0.016" classname="failedtestcaseRerun.TestCase3"/>
</testsuite> <!-- failedtestcaseRerun.TestCase3 -->
